[+] Containers:
 |- [+] Container: /Game/VehicleTemplate/Maps/VehicleExampleMap
 |   |- [+] ActorDescs:
 |   |   |- Guid:13FCD6B5495DB127960F74B6BDC43CBB BaseClass: NativeClass:/Script/Engine.StaticMeshActor Name:StaticMeshActor_14 Label:SM_Cylinder2 SpatiallyLoaded:1 Bounds:IsValid=true, Min=(X=-825.000 Y=325.000 Z=0.000), Max=(X=-775.000 Y=375.000 Z=150.000) RuntimeGrid:None EditorOnly:0 RuntimeOnly:0 HLODRelevant:0 ListedInSceneOutliner:1 IsMainWorldOnly:0 FolderPath:Obstacles/Bollards FolderGuid:6FA7726D48C50C2F676EE28F88CF905C
 |   |   |- Guid:15355328475CCAE54E3A1B9ECB9E0C8C BaseClass: NativeClass:/Script/Landscape.LandscapeStreamingProxy Name:LandscapeStreamingProxy_353TPU80DXSTRY6M4CHXUSI16_126_1_2_0 Label:LandscapeStreamingProxy_1_2_0 SpatiallyLoaded:1 Bounds:IsValid=true, Min=(X=-25200.000 Y=0.000 Z=-1036.375), Max=(X=0.000 Y=25200.000 Z=18498.000) RuntimeGrid:None EditorOnly:0 RuntimeOnly:0 HLODRelevant:1 ListedInSceneOutliner:1 IsMainWorldOnly:0
 |   |   |- Guid:190412974EE975E520FC94AB0EC37E1A BaseClass: NativeClass:/Script/Engine.StaticMeshActor Name:StaticMeshActor_25 Label:SM_Cube SpatiallyLoaded:1 Bounds:IsValid=true, Min=(X=1300.000 Y=-6700.000 Z=0.000), Max=(X=1800.000 Y=-6100.000 Z=100.000) RuntimeGrid:None EditorOnly:0 RuntimeOnly:0 HLODRelevant:1 ListedInSceneOutliner:1 IsMainWorldOnly:0 FolderPath:Obstacles/Ramp FolderGuid:EC5389A3411DCBDB8DD9AAAE3D5DDEDA
 |   |   |- Guid:1D41214C425A607CDA56B9B3E608C8F7 BaseClass: NativeClass:/Script/Landscape.LandscapeStreamingProxy Name:LandscapeStreamingProxy_353TPU80DXSTRY6M4CHXUSI16_126_3_1_0 Label:LandscapeStreamingProxy_3_1_0 SpatiallyLoaded:1 Bounds:IsValid=true, Min=(X=25200.000 Y=-25200.000 Z=-9641.062), Max=(X=50400.000 Y=0.000 Z=11449.562) RuntimeGrid:None EditorOnly:0 RuntimeOnly:0 HLODRelevant:1 ListedInSceneOutliner:1 IsMainWorldOnly:0
 |   |   |- Guid:26094E23406E270AB9AB2ABCC1B91E88 BaseClass: NativeClass:/Script/Engine.StaticMeshActor Name:StaticMeshActor_10 Label:SM_Cylinder8 SpatiallyLoaded:1 Bounds:IsValid=true, Min=(X=-1049.678 Y=-6700.000 Z=-12.292), Max=(X=-950.322 Y=-6100.645 Z=12.292) RuntimeGrid:None EditorOnly:0 RuntimeOnly:0 HLODRelevant:1 ListedInSceneOutliner:1 IsMainWorldOnly:0 FolderPath:Obstacles/Roadbumps FolderGuid:FEEBC32E4868314ED344A2BDA4C895E1
 |   |   |- Guid:2AAB03FE42AAEE00F7D12CA8AD17B504 BaseClass: NativeClass:/Script/Landscape.LandscapeStreamingProxy Name:LandscapeStreamingProxy_353TPU80DXSTRY6M4CHXUSI16_126_0_2_0 Label:LandscapeStreamingProxy_0_2_0 SpatiallyLoaded:1 Bounds:IsValid=true, Min=(X=-50400.000 Y=0.000 Z=1004.250), Max=(X=-25200.000 Y=25200.000 Z=23233.938) RuntimeGrid:None EditorOnly:0 RuntimeOnly:0 HLODRelevant:1 ListedInSceneOutliner:1 IsMainWorldOnly:0
 |   |   |- Guid:30EAA9A240617F0B842ADDB0F48E3EB5 BaseClass: NativeClass:/Script/Engine.StaticMeshActor Name:StaticMeshActor_15 Label:SM_Cylinder3 SpatiallyLoaded:1 Bounds:IsValid=true, Min=(X=-25.000 Y=325.000 Z=0.000), Max=(X=25.000 Y=375.000 Z=150.000) RuntimeGrid:None EditorOnly:0 RuntimeOnly:0 HLODRelevant:0 ListedInSceneOutliner:1 IsMainWorldOnly:0 FolderPath:Obstacles/Bollards FolderGuid:6FA7726D48C50C2F676EE28F88CF905C
 |   |   |- Guid:3AC542C64D20AAA5213F08B4500F4835 BaseClass: NativeClass:/Script/Engine.StaticMeshActor Name:StaticMeshActor_19 Label:SM_Cylinder11 SpatiallyLoaded:1 Bounds:IsValid=true, Min=(X=-450.000 Y=-6700.000 Z=-12.615), Max=(X=-350.000 Y=-6100.000 Z=12.615) RuntimeGrid:None EditorOnly:0 RuntimeOnly:0 HLODRelevant:1 ListedInSceneOutliner:1 IsMainWorldOnly:0 FolderPath:Obstacles/Roadbumps FolderGuid:FEEBC32E4868314ED344A2BDA4C895E1
 |   |   |- Guid:42222583414F5A63E99546B2AB99F054 BaseClass: NativeClass:/Script/Engine.StaticMeshActor Name:StaticMeshActor_18 Label:SM_Cylinder6 SpatiallyLoaded:1 Bounds:IsValid=true, Min=(X=2375.000 Y=325.000 Z=0.000), Max=(X=2425.000 Y=375.000 Z=150.000) RuntimeGrid:None EditorOnly:0 RuntimeOnly:0 HLODRelevant:0 ListedInSceneOutliner:1 IsMainWorldOnly:0 FolderPath:Obstacles/Bollards FolderGuid:6FA7726D48C50C2F676EE28F88CF905C
 |   |   |- Guid:431C20034E1706B91FCD8B8E65245F06 BaseClass: NativeClass:/Script/Landscape.LandscapeStreamingProxy Name:LandscapeStreamingProxy_353TPU80DXSTRY6M4CHXUSI16_126_1_3_0 Label:LandscapeStreamingProxy_1_3_0 SpatiallyLoaded:1 Bounds:IsValid=true, Min=(X=-25200.000 Y=25200.000 Z=8030.812), Max=(X=0.000 Y=50400.000 Z=23929.250) RuntimeGrid:None EditorOnly:0 RuntimeOnly:0 HLODRelevant:1 ListedInSceneOutliner:1 IsMainWorldOnly:0
 |   |   |- Guid:48CC11984F6521481F3E488B71FB4365 BaseClass: NativeClass:/Script/Landscape.LandscapeStreamingProxy Name:LandscapeStreamingProxy_353TPU80DXSTRY6M4CHXUSI16_126_3_0_0 Label:LandscapeStreamingProxy_3_0_0 SpatiallyLoaded:1 Bounds:IsValid=true, Min=(X=25200.000 Y=-50400.000 Z=-6286.375), Max=(X=50400.000 Y=-25200.000 Z=16271.438) RuntimeGrid:None EditorOnly:0 RuntimeOnly:0 HLODRelevant:1 ListedInSceneOutliner:1 IsMainWorldOnly:0
 |   |   |- Guid:4F643C4D43E679C894F00BBBF16ED2EA BaseClass: NativeClass:/Script/Engine.StaticMeshActor Name:StaticMeshActor_13 Label:SM_Cylinder SpatiallyLoaded:1 Bounds:IsValid=true, Min=(X=-1625.000 Y=325.000 Z=0.000), Max=(X=-1575.000 Y=375.000 Z=150.000) RuntimeGrid:None EditorOnly:0 RuntimeOnly:0 HLODRelevant:0 ListedInSceneOutliner:1 IsMainWorldOnly:0 FolderPath:Obstacles/Bollards FolderGuid:6FA7726D48C50C2F676EE28F88CF905C
 |   |   |- Guid:5AA014804D6D6975E97858902D7FEAA1 BaseClass: NativeClass:/Script/Landscape.LandscapeStreamingProxy Name:LandscapeStreamingProxy_353TPU80DXSTRY6M4CHXUSI16_126_0_1_0 Label:LandscapeStreamingProxy_0_1_0 SpatiallyLoaded:1 Bounds:IsValid=true, Min=(X=-50400.000 Y=-25200.000 Z=7654.250), Max=(X=-25200.000 Y=0.000 Z=22812.062) RuntimeGrid:None EditorOnly:0 RuntimeOnly:0 HLODRelevant:1 ListedInSceneOutliner:1 IsMainWorldOnly:0
 |   |   |- Guid:62B351BB423B9EABD5AE849DD1DFC408 BaseClass: NativeClass:/Script/Engine.VolumetricCloud Name:VolumetricCloud_0 Label:VolumetricCloud SpatiallyLoaded:0 Bounds:IsValid=true, Min=(X=-12600.000 Y=-12600.000 Z=720.000), Max=(X=-12600.000 Y=-12600.000 Z=720.000) RuntimeGrid:None EditorOnly:0 RuntimeOnly:0 HLODRelevant:0 ListedInSceneOutliner:1 IsMainWorldOnly:0 FolderPath:Lighting FolderGuid:602030AD4CB26C050EF7B98FCA62FBCA
 |   |   |- Guid:668FD26F4DA26E9DF284EABD051982A5 BaseClass: NativeClass:/Script/Landscape.Landscape Name:Landscape_UAID_581122CD263638D601_1837742001 Label:Landscape2 SpatiallyLoaded:0 Bounds:IsValid=true, Min=(X=-50400.000 Y=-50400.000 Z=-2.000), Max=(X=-50400.000 Y=-50400.000 Z=-2.000) RuntimeGrid:None EditorOnly:0 RuntimeOnly:0 HLODRelevant:0 ListedInSceneOutliner:1 IsMainWorldOnly:0 FolderPath:landscape2 FolderGuid:E6F566FB43E2DA9D79FBE48178291BAA
 |   |   |- Guid:6A1C7CE945AD720405A2B8A0CDC31EEA BaseClass: NativeClass:/Script/Engine.WorldDataLayers Name:WorldDataLayers Label:WorldDataLayers-1 SpatiallyLoaded:0 Bounds:IsValid=true, Min=(X=0.000 Y=0.000 Z=0.000), Max=(X=0.000 Y=0.000 Z=0.000) RuntimeGrid:None EditorOnly:0 RuntimeOnly:0 HLODRelevant:0 ListedInSceneOutliner:1 IsMainWorldOnly:1
 |   |   |- Guid:6B337CAD4C563049716FB399D124EC3D BaseClass: NativeClass:/Script/Engine.SkyLight Name:SkyLight_1 Label:SkyLight SpatiallyLoaded:0 Bounds:IsValid=true, Min=(X=-12600.000 Y=-12600.000 Z=590.000), Max=(X=-12600.000 Y=-12600.000 Z=590.000) RuntimeGrid:None EditorOnly:0 RuntimeOnly:0 HLODRelevant:0 ListedInSceneOutliner:1 IsMainWorldOnly:0 FolderPath:Lighting FolderGuid:602030AD4CB26C050EF7B98FCA62FBCA
 |   |   |- Guid:6C62788144E17A979226A4BA49BE9805 BaseClass: NativeClass:/Script/Landscape.LandscapeSplineActor Name:LandscapeSplineActor_0 Label:LandscapeSplineActor SpatiallyLoaded:1 Bounds:IsValid=true, Min=(X=-36825.815 Y=-44214.191 Z=-10220.062), Max=(X=37748.338 Y=37551.192 Z=15924.916) RuntimeGrid:None EditorOnly:0 RuntimeOnly:0 HLODRelevant:1 ListedInSceneOutliner:1 IsMainWorldOnly:0 FolderPath:landscape2 FolderGuid:E6F566FB43E2DA9D79FBE48178291BAA
 |   |   |- Guid:6FC3D37D441A1EFBC4AD0189132EDDBB BaseClass: NativeClass:/Script/Landscape.LandscapeStreamingProxy Name:LandscapeStreamingProxy_353TPU80DXSTRY6M4CHXUSI16_126_3_3_0 Label:LandscapeStreamingProxy_3_3_0 SpatiallyLoaded:1 Bounds:IsValid=true, Min=(X=25200.000 Y=25200.000 Z=48.000), Max=(X=50400.000 Y=50400.000 Z=13090.188) RuntimeGrid:None EditorOnly:0 RuntimeOnly:0 HLODRelevant:1 ListedInSceneOutliner:1 IsMainWorldOnly:0
 |   |   |- Guid:701349444CCFAEDA5180B7994D6285C9 BaseClass: NativeClass:/Script/Engine.StaticMeshActor Name:StaticMeshActor_9 Label:SM_Cylinder7 SpatiallyLoaded:1 Bounds:IsValid=true, Min=(X=-1238.452 Y=-6700.000 Z=-12.292), Max=(X=-1139.097 Y=-6100.645 Z=12.292) RuntimeGrid:None EditorOnly:0 RuntimeOnly:0 HLODRelevant:1 ListedInSceneOutliner:1 IsMainWorldOnly:0 FolderPath:Obstacles/Roadbumps FolderGuid:FEEBC32E4868314ED344A2BDA4C895E1
 |   |   |- Guid:72FBA45F474AD6B89F11049FCA83748F BaseClass: NativeClass:/Script/Engine.StaticMeshActor Name:StaticMeshActor_UAID_A4AE111137DC5DFB00_1630210247 Label:SM_SkySphere SpatiallyLoaded:1 Bounds:IsValid=true, Min=(X=-1638400.000 Y=-1638400.000 Z=-1638400.000), Max=(X=1638400.000 Y=1638400.000 Z=1638400.000) RuntimeGrid:None EditorOnly:0 RuntimeOnly:0 HLODRelevant:1 ListedInSceneOutliner:1 IsMainWorldOnly:0 FolderPath:Lighting FolderGuid:602030AD4CB26C050EF7B98FCA62FBCA
 |   |   |- Guid:759C917941FBBCA62FA7D181AAA97864 BaseClass: NativeClass:/Script/Landscape.LandscapeStreamingProxy Name:LandscapeStreamingProxy_353TPU80DXSTRY6M4CHXUSI16_126_2_2_0 Label:LandscapeStreamingProxy_2_2_0 SpatiallyLoaded:1 Bounds:IsValid=true, Min=(X=0.000 Y=0.000 Z=-5534.812), Max=(X=25200.000 Y=25200.000 Z=13899.562) RuntimeGrid:None EditorOnly:0 RuntimeOnly:0 HLODRelevant:1 ListedInSceneOutliner:1 IsMainWorldOnly:0
 |   |   |- Guid:821B67014D2227B20AC881B28B94CCFD BaseClass: NativeClass:/Script/Engine.StaticMeshActor Name:StaticMeshActor_16 Label:SM_Cylinder4 SpatiallyLoaded:1 Bounds:IsValid=true, Min=(X=775.000 Y=325.000 Z=0.000), Max=(X=825.000 Y=375.000 Z=150.000) RuntimeGrid:None EditorOnly:0 RuntimeOnly:0 HLODRelevant:0 ListedInSceneOutliner:1 IsMainWorldOnly:0 FolderPath:Obstacles/Bollards FolderGuid:6FA7726D48C50C2F676EE28F88CF905C
 |   |   |- Guid:8C0FA1084325C13D99C659A1CE031414 BaseClass: NativeClass:/Script/Engine.PlayerStart Name:PlayerStart_1 Label:PlayerStart SpatiallyLoaded:0 Bounds:IsValid=true, Min=(X=-3530.000 Y=-9958.304 Z=560.486), Max=(X=-3450.000 Y=-9851.663 Z=674.300) RuntimeGrid:None EditorOnly:0 RuntimeOnly:0 HLODRelevant:0 ListedInSceneOutliner:1 IsMainWorldOnly:0
 |   |   |- Guid:8C9C56C04E40D60F3B00CB82B289334C BaseClass: NativeClass:/Script/Engine.StaticMeshActor Name:StaticMeshActor_23 Label:SM_Ramp2 SpatiallyLoaded:1 Bounds:IsValid=true, Min=(X=1800.000 Y=-6700.000 Z=-20.000), Max=(X=2400.000 Y=-6100.000 Z=100.000) RuntimeGrid:None EditorOnly:0 RuntimeOnly:0 HLODRelevant:1 ListedInSceneOutliner:1 IsMainWorldOnly:0 FolderPath:Obstacles/Ramp FolderGuid:EC5389A3411DCBDB8DD9AAAE3D5DDEDA
 |   |   |- Guid:8E778E6E49EC6AB52DB630A06D135326 BaseClass: NativeClass:/Script/Landscape.LandscapeStreamingProxy Name:LandscapeStreamingProxy_353TPU80DXSTRY6M4CHXUSI16_126_1_1_0 Label:LandscapeStreamingProxy_1_1_0 SpatiallyLoaded:1 Bounds:IsValid=true, Min=(X=-25200.000 Y=-25200.000 Z=-1091.062), Max=(X=0.000 Y=0.000 Z=16979.250) RuntimeGrid:None EditorOnly:0 RuntimeOnly:0 HLODRelevant:1 ListedInSceneOutliner:1 IsMainWorldOnly:0
 |   |   |- Guid:937DEEF64BD804376F799E9E433A5BA6 BaseClass: NativeClass:/Script/Landscape.LandscapeStreamingProxy Name:LandscapeStreamingProxy_353TPU80DXSTRY6M4CHXUSI16_126_2_1_0 Label:LandscapeStreamingProxy_2_1_0 SpatiallyLoaded:1 Bounds:IsValid=true, Min=(X=0.000 Y=-25200.000 Z=-8442.625), Max=(X=25200.000 Y=0.000 Z=14746.438) RuntimeGrid:None EditorOnly:0 RuntimeOnly:0 HLODRelevant:1 ListedInSceneOutliner:1 IsMainWorldOnly:0
 |   |   |- Guid:A5D6E6BB46BAC15E6D356990E1F7F480 BaseClass: NativeClass:/Script/Engine.DirectionalLight Name:DirectionalLight_0 Label:DirectionalLight SpatiallyLoaded:0 Bounds:IsValid=true, Min=(X=-1048576.000 Y=-1048576.000 Z=-1048576.000), Max=(X=1048576.000 Y=1048576.000 Z=1048576.000) RuntimeGrid:None EditorOnly:0 RuntimeOnly:0 HLODRelevant:0 ListedInSceneOutliner:1 IsMainWorldOnly:0 FolderPath:Lighting FolderGuid:602030AD4CB26C050EF7B98FCA62FBCA
 |   |   |- Guid:A6ABCCAF4857AE8E40E6228F0FECD123 BaseClass: NativeClass:/Script/Landscape.Landscape Name:Landscape_0 Label:Landscape SpatiallyLoaded:0 Bounds:IsValid=true, Min=(X=-25200.000 Y=-25200.000 Z=0.000), Max=(X=-25200.000 Y=-25200.000 Z=0.000) RuntimeGrid:None EditorOnly:0 RuntimeOnly:0 HLODRelevant:0 ListedInSceneOutliner:1 IsMainWorldOnly:0 FolderPath:Landscape FolderGuid:912F765E4714A1DB296369A3E4390900
 |   |   |- Guid:A7D32B684CC538C609A7CB8559388FCD BaseClass: NativeClass:/Script/Engine.StaticMeshActor Name:StaticMeshActor_17 Label:SM_Cylinder5 SpatiallyLoaded:1 Bounds:IsValid=true, Min=(X=1575.000 Y=325.000 Z=0.000), Max=(X=1625.000 Y=375.000 Z=150.000) RuntimeGrid:None EditorOnly:0 RuntimeOnly:0 HLODRelevant:0 ListedInSceneOutliner:1 IsMainWorldOnly:0 FolderPath:Obstacles/Bollards FolderGuid:6FA7726D48C50C2F676EE28F88CF905C
 |   |   |- Guid:AA45B0D54DBEE58F1E4658BEC0DB2665 BaseClass: NativeClass:/Script/Landscape.LandscapeStreamingProxy Name:LandscapeStreamingProxy_353TPU80DXSTRY6M4CHXUSI16_126_0_3_0 Label:LandscapeStreamingProxy_0_3_0 SpatiallyLoaded:1 Bounds:IsValid=true, Min=(X=-50400.000 Y=25200.000 Z=548.000), Max=(X=-25200.000 Y=50400.000 Z=22823.000) RuntimeGrid:None EditorOnly:0 RuntimeOnly:0 HLODRelevant:1 ListedInSceneOutliner:1 IsMainWorldOnly:0
 |   |   |- Guid:AB3D653A48C4F01FAA4F39A2698C3518 BaseClass: NativeClass:/Script/Engine.SkyAtmosphere Name:SkyAtmosphere_0 Label:SkyAtmosphere SpatiallyLoaded:0 Bounds:IsValid=true, Min=(X=-12600.000 Y=-12600.000 Z=920.000), Max=(X=-12600.000 Y=-12600.000 Z=920.000) RuntimeGrid:None EditorOnly:0 RuntimeOnly:0 HLODRelevant:0 ListedInSceneOutliner:1 IsMainWorldOnly:0 FolderPath:Lighting FolderGuid:602030AD4CB26C050EF7B98FCA62FBCA
 |   |   |- Guid:B3071557404D8501A5285E999DA358A4 BaseClass: NativeClass:/Script/Landscape.LandscapeStreamingProxy Name:LandscapeStreamingProxy_353TPU80DXSTRY6M4CHXUSI16_126_2_3_0 Label:LandscapeStreamingProxy_2_3_0 SpatiallyLoaded:1 Bounds:IsValid=true, Min=(X=0.000 Y=25200.000 Z=2582.375), Max=(X=25200.000 Y=50400.000 Z=23891.750) RuntimeGrid:None EditorOnly:0 RuntimeOnly:0 HLODRelevant:1 ListedInSceneOutliner:1 IsMainWorldOnly:0
 |   |   |- Guid:C6502A28438CE1D81488BFA2A62CE2A0 BaseClass: NativeClass:/Script/Landscape.LandscapeStreamingProxy Name:LandscapeStreamingProxy_353TPU80DXSTRY6M4CHXUSI16_126_2_0_0 Label:LandscapeStreamingProxy_2_0_0 SpatiallyLoaded:1 Bounds:IsValid=true, Min=(X=0.000 Y=-50400.000 Z=-13775.438), Max=(X=25200.000 Y=-25200.000 Z=8515.188) RuntimeGrid:None EditorOnly:0 RuntimeOnly:0 HLODRelevant:1 ListedInSceneOutliner:1 IsMainWorldOnly:0
 |   |   |- Guid:C8E2B38542463961ECC4AC94EA672C70 BaseClass: NativeClass:/Script/Landscape.LandscapeStreamingProxy Name:LandscapeStreamingProxy_353TPU80DXSTRY6M4CHXUSI16_126_3_2_0 Label:LandscapeStreamingProxy_3_2_0 SpatiallyLoaded:1 Bounds:IsValid=true, Min=(X=25200.000 Y=0.000 Z=-10648.875), Max=(X=50400.000 Y=25200.000 Z=14416.750) RuntimeGrid:None EditorOnly:0 RuntimeOnly:0 HLODRelevant:1 ListedInSceneOutliner:1 IsMainWorldOnly:0
 |   |   |- Guid:CA3C0F6345B2DA9E299ED5BEE611655B BaseClass: NativeClass:/Script/Engine.ExponentialHeightFog Name:ExponentialHeightFog_0 Label:ExponentialHeightFog SpatiallyLoaded:0 Bounds:IsValid=true, Min=(X=-18200.000 Y=-12650.000 Z=-6950.000), Max=(X=-18200.000 Y=-12650.000 Z=-6950.000) RuntimeGrid:None EditorOnly:0 RuntimeOnly:0 HLODRelevant:0 ListedInSceneOutliner:1 IsMainWorldOnly:0 FolderPath:Lighting FolderGuid:602030AD4CB26C050EF7B98FCA62FBCA
 |   |   |- Guid:D5CE1A3946843967B0D1A493A9ED5CF6 BaseClass: NativeClass:/Script/Engine.PostProcessVolume Name:PostProcessVolume_0 Label:PostProcessVolume SpatiallyLoaded:0 Bounds:IsValid=true, Min=(X=-12600.000 Y=-12600.000 Z=300.000), Max=(X=-12400.000 Y=-12400.000 Z=500.000) RuntimeGrid:None EditorOnly:0 RuntimeOnly:0 HLODRelevant:0 ListedInSceneOutliner:1 IsMainWorldOnly:0 FolderPath:Lighting FolderGuid:602030AD4CB26C050EF7B98FCA62FBCA
 |   |   |- Guid:D921DD30490999B0CF5228921589CFE1 BaseClass: NativeClass:/Script/Engine.StaticMeshActor Name:StaticMeshActor_11 Label:SM_Cylinder9 SpatiallyLoaded:1 Bounds:IsValid=true, Min=(X=-850.000 Y=-6700.000 Z=-12.615), Max=(X=-750.000 Y=-6100.000 Z=12.615) RuntimeGrid:None EditorOnly:0 RuntimeOnly:0 HLODRelevant:1 ListedInSceneOutliner:1 IsMainWorldOnly:0 FolderPath:Obstacles/Roadbumps FolderGuid:FEEBC32E4868314ED344A2BDA4C895E1
 |   |   |- Guid:E187AE394650AC9BE16DDDB338366633 BaseClass: NativeClass:/Script/Engine.StaticMeshActor Name:StaticMeshActor_22 Label:SM_Ramp SpatiallyLoaded:1 Bounds:IsValid=true, Min=(X=700.000 Y=-6700.000 Z=-20.000), Max=(X=1300.000 Y=-6100.000 Z=100.000) RuntimeGrid:None EditorOnly:0 RuntimeOnly:0 HLODRelevant:1 ListedInSceneOutliner:1 IsMainWorldOnly:0 FolderPath:Obstacles/Ramp FolderGuid:EC5389A3411DCBDB8DD9AAAE3D5DDEDA
 |   |   |- Guid:EB95E93743FAA2C9044BED92769914BA BaseClass: NativeClass:/Script/Landscape.LandscapeStreamingProxy Name:LandscapeStreamingProxy_353TPU80DXSTRY6M4CHXUSI16_126_0_0_0 Label:LandscapeStreamingProxy_0_0_0 SpatiallyLoaded:1 Bounds:IsValid=true, Min=(X=-50400.000 Y=-50400.000 Z=-3169.188), Max=(X=-25200.000 Y=-25200.000 Z=17546.438) RuntimeGrid:None EditorOnly:0 RuntimeOnly:0 HLODRelevant:1 ListedInSceneOutliner:1 IsMainWorldOnly:0
 |   |   |- Guid:ED8CF03C42199205E34F359A7EEBFC74 BaseClass: NativeClass:/Script/Engine.StaticMeshActor Name:StaticMeshActor_12 Label:SM_Cylinder10 SpatiallyLoaded:1 Bounds:IsValid=true, Min=(X=-650.000 Y=-6700.000 Z=-12.615), Max=(X=-550.000 Y=-6100.000 Z=12.615) RuntimeGrid:None EditorOnly:0 RuntimeOnly:0 HLODRelevant:1 ListedInSceneOutliner:1 IsMainWorldOnly:0 FolderPath:Obstacles/Roadbumps FolderGuid:FEEBC32E4868314ED344A2BDA4C895E1
 |   |   |- Guid:F7763965458B9B0D050004918C8F0665 BaseClass: NativeClass:/Script/Engine.StaticMeshActor Name:StaticMeshActor_20 Label:SM_Cylinder12 SpatiallyLoaded:1 Bounds:IsValid=true, Min=(X=-250.000 Y=-6700.000 Z=-12.615), Max=(X=-150.000 Y=-6100.000 Z=12.615) RuntimeGrid:None EditorOnly:0 RuntimeOnly:0 HLODRelevant:1 ListedInSceneOutliner:1 IsMainWorldOnly:0 FolderPath:Obstacles/Roadbumps FolderGuid:FEEBC32E4868314ED344A2BDA4C895E1
 |   |   |- Guid:FCF1BA6C4E4617DC889932AC266CFF96 BaseClass: NativeClass:/Script/Landscape.LandscapeStreamingProxy Name:LandscapeStreamingProxy_353TPU80DXSTRY6M4CHXUSI16_126_1_0_0 Label:LandscapeStreamingProxy_1_0_0 SpatiallyLoaded:1 Bounds:IsValid=true, Min=(X=-25200.000 Y=-50400.000 Z=-19012.938), Max=(X=0.000 Y=-25200.000 Z=13163.625) RuntimeGrid:None EditorOnly:0 RuntimeOnly:0 HLODRelevant:1 ListedInSceneOutliner:1 IsMainWorldOnly:0
 |   |   |- Guid:FD06D98F4BDE1A797FF3D0AA6658BD2E BaseClass: NativeClass:/Script/Engine.TextRenderActor Name:TextRenderActor_1 Label:TextRenderActor SpatiallyLoaded:1 Bounds:IsValid=true, Min=(X=-12610.004 Y=-661.458 Z=70.598), Max=(X=-12609.996 Y=661.619 Z=270.598) RuntimeGrid:None EditorOnly:0 RuntimeOnly:0 HLODRelevant:0 ListedInSceneOutliner:1 IsMainWorldOnly:0 FolderPath:Obstacles FolderGuid:EC6DE3394ED87B0DEEC32D97314B8C12
 |   |- [+] Clusters:
 |   |   |- [+] [  0]
 |   |   |   |- Guid:13FCD6B5495DB127960F74B6BDC43CBB BaseClass: NativeClass:/Script/Engine.StaticMeshActor Name:StaticMeshActor_14 Label:SM_Cylinder2 SpatiallyLoaded:1 Bounds:IsValid=true, Min=(X=-825.000 Y=325.000 Z=0.000), Max=(X=-775.000 Y=375.000 Z=150.000) RuntimeGrid:None EditorOnly:0 RuntimeOnly:0 HLODRelevant:0 ListedInSceneOutliner:1 IsMainWorldOnly:0 FolderPath:Obstacles/Bollards FolderGuid:6FA7726D48C50C2F676EE28F88CF905C
 |   |   |- [+] [  1]
 |   |   |   |- Guid:15355328475CCAE54E3A1B9ECB9E0C8C BaseClass: NativeClass:/Script/Landscape.LandscapeStreamingProxy Name:LandscapeStreamingProxy_353TPU80DXSTRY6M4CHXUSI16_126_1_2_0 Label:LandscapeStreamingProxy_1_2_0 SpatiallyLoaded:1 Bounds:IsValid=true, Min=(X=-25200.000 Y=0.000 Z=-1036.375), Max=(X=0.000 Y=25200.000 Z=18498.000) RuntimeGrid:None EditorOnly:0 RuntimeOnly:0 HLODRelevant:1 ListedInSceneOutliner:1 IsMainWorldOnly:0
 |   |   |- [+] [  2]
 |   |   |   |- Guid:190412974EE975E520FC94AB0EC37E1A BaseClass: NativeClass:/Script/Engine.StaticMeshActor Name:StaticMeshActor_25 Label:SM_Cube SpatiallyLoaded:1 Bounds:IsValid=true, Min=(X=1300.000 Y=-6700.000 Z=0.000), Max=(X=1800.000 Y=-6100.000 Z=100.000) RuntimeGrid:None EditorOnly:0 RuntimeOnly:0 HLODRelevant:1 ListedInSceneOutliner:1 IsMainWorldOnly:0 FolderPath:Obstacles/Ramp FolderGuid:EC5389A3411DCBDB8DD9AAAE3D5DDEDA
 |   |   |- [+] [  3]
 |   |   |   |- Guid:1D41214C425A607CDA56B9B3E608C8F7 BaseClass: NativeClass:/Script/Landscape.LandscapeStreamingProxy Name:LandscapeStreamingProxy_353TPU80DXSTRY6M4CHXUSI16_126_3_1_0 Label:LandscapeStreamingProxy_3_1_0 SpatiallyLoaded:1 Bounds:IsValid=true, Min=(X=25200.000 Y=-25200.000 Z=-9641.062), Max=(X=50400.000 Y=0.000 Z=11449.562) RuntimeGrid:None EditorOnly:0 RuntimeOnly:0 HLODRelevant:1 ListedInSceneOutliner:1 IsMainWorldOnly:0
 |   |   |- [+] [  4]
 |   |   |   |- Guid:26094E23406E270AB9AB2ABCC1B91E88 BaseClass: NativeClass:/Script/Engine.StaticMeshActor Name:StaticMeshActor_10 Label:SM_Cylinder8 SpatiallyLoaded:1 Bounds:IsValid=true, Min=(X=-1049.678 Y=-6700.000 Z=-12.292), Max=(X=-950.322 Y=-6100.645 Z=12.292) RuntimeGrid:None EditorOnly:0 RuntimeOnly:0 HLODRelevant:1 ListedInSceneOutliner:1 IsMainWorldOnly:0 FolderPath:Obstacles/Roadbumps FolderGuid:FEEBC32E4868314ED344A2BDA4C895E1
 |   |   |- [+] [  5]
 |   |   |   |- Guid:2AAB03FE42AAEE00F7D12CA8AD17B504 BaseClass: NativeClass:/Script/Landscape.LandscapeStreamingProxy Name:LandscapeStreamingProxy_353TPU80DXSTRY6M4CHXUSI16_126_0_2_0 Label:LandscapeStreamingProxy_0_2_0 SpatiallyLoaded:1 Bounds:IsValid=true, Min=(X=-50400.000 Y=0.000 Z=1004.250), Max=(X=-25200.000 Y=25200.000 Z=23233.938) RuntimeGrid:None EditorOnly:0 RuntimeOnly:0 HLODRelevant:1 ListedInSceneOutliner:1 IsMainWorldOnly:0
 |   |   |- [+] [  6]
 |   |   |   |- Guid:30EAA9A240617F0B842ADDB0F48E3EB5 BaseClass: NativeClass:/Script/Engine.StaticMeshActor Name:StaticMeshActor_15 Label:SM_Cylinder3 SpatiallyLoaded:1 Bounds:IsValid=true, Min=(X=-25.000 Y=325.000 Z=0.000), Max=(X=25.000 Y=375.000 Z=150.000) RuntimeGrid:None EditorOnly:0 RuntimeOnly:0 HLODRelevant:0 ListedInSceneOutliner:1 IsMainWorldOnly:0 FolderPath:Obstacles/Bollards FolderGuid:6FA7726D48C50C2F676EE28F88CF905C
 |   |   |- [+] [  7]
 |   |   |   |- Guid:3AC542C64D20AAA5213F08B4500F4835 BaseClass: NativeClass:/Script/Engine.StaticMeshActor Name:StaticMeshActor_19 Label:SM_Cylinder11 SpatiallyLoaded:1 Bounds:IsValid=true, Min=(X=-450.000 Y=-6700.000 Z=-12.615), Max=(X=-350.000 Y=-6100.000 Z=12.615) RuntimeGrid:None EditorOnly:0 RuntimeOnly:0 HLODRelevant:1 ListedInSceneOutliner:1 IsMainWorldOnly:0 FolderPath:Obstacles/Roadbumps FolderGuid:FEEBC32E4868314ED344A2BDA4C895E1
 |   |   |- [+] [  8]
 |   |   |   |- Guid:42222583414F5A63E99546B2AB99F054 BaseClass: NativeClass:/Script/Engine.StaticMeshActor Name:StaticMeshActor_18 Label:SM_Cylinder6 SpatiallyLoaded:1 Bounds:IsValid=true, Min=(X=2375.000 Y=325.000 Z=0.000), Max=(X=2425.000 Y=375.000 Z=150.000) RuntimeGrid:None EditorOnly:0 RuntimeOnly:0 HLODRelevant:0 ListedInSceneOutliner:1 IsMainWorldOnly:0 FolderPath:Obstacles/Bollards FolderGuid:6FA7726D48C50C2F676EE28F88CF905C
 |   |   |- [+] [  9]
 |   |   |   |- Guid:431C20034E1706B91FCD8B8E65245F06 BaseClass: NativeClass:/Script/Landscape.LandscapeStreamingProxy Name:LandscapeStreamingProxy_353TPU80DXSTRY6M4CHXUSI16_126_1_3_0 Label:LandscapeStreamingProxy_1_3_0 SpatiallyLoaded:1 Bounds:IsValid=true, Min=(X=-25200.000 Y=25200.000 Z=8030.812), Max=(X=0.000 Y=50400.000 Z=23929.250) RuntimeGrid:None EditorOnly:0 RuntimeOnly:0 HLODRelevant:1 ListedInSceneOutliner:1 IsMainWorldOnly:0
 |   |   |- [+] [ 10]
 |   |   |   |- Guid:48CC11984F6521481F3E488B71FB4365 BaseClass: NativeClass:/Script/Landscape.LandscapeStreamingProxy Name:LandscapeStreamingProxy_353TPU80DXSTRY6M4CHXUSI16_126_3_0_0 Label:LandscapeStreamingProxy_3_0_0 SpatiallyLoaded:1 Bounds:IsValid=true, Min=(X=25200.000 Y=-50400.000 Z=-6286.375), Max=(X=50400.000 Y=-25200.000 Z=16271.438) RuntimeGrid:None EditorOnly:0 RuntimeOnly:0 HLODRelevant:1 ListedInSceneOutliner:1 IsMainWorldOnly:0
 |   |   |- [+] [ 11]
 |   |   |   |- Guid:4F643C4D43E679C894F00BBBF16ED2EA BaseClass: NativeClass:/Script/Engine.StaticMeshActor Name:StaticMeshActor_13 Label:SM_Cylinder SpatiallyLoaded:1 Bounds:IsValid=true, Min=(X=-1625.000 Y=325.000 Z=0.000), Max=(X=-1575.000 Y=375.000 Z=150.000) RuntimeGrid:None EditorOnly:0 RuntimeOnly:0 HLODRelevant:0 ListedInSceneOutliner:1 IsMainWorldOnly:0 FolderPath:Obstacles/Bollards FolderGuid:6FA7726D48C50C2F676EE28F88CF905C
 |   |   |- [+] [ 12]
 |   |   |   |- Guid:5AA014804D6D6975E97858902D7FEAA1 BaseClass: NativeClass:/Script/Landscape.LandscapeStreamingProxy Name:LandscapeStreamingProxy_353TPU80DXSTRY6M4CHXUSI16_126_0_1_0 Label:LandscapeStreamingProxy_0_1_0 SpatiallyLoaded:1 Bounds:IsValid=true, Min=(X=-50400.000 Y=-25200.000 Z=7654.250), Max=(X=-25200.000 Y=0.000 Z=22812.062) RuntimeGrid:None EditorOnly:0 RuntimeOnly:0 HLODRelevant:1 ListedInSceneOutliner:1 IsMainWorldOnly:0
 |   |   |- [+] [ 13]
 |   |   |   |- Guid:62B351BB423B9EABD5AE849DD1DFC408 BaseClass: NativeClass:/Script/Engine.VolumetricCloud Name:VolumetricCloud_0 Label:VolumetricCloud SpatiallyLoaded:0 Bounds:IsValid=true, Min=(X=-12600.000 Y=-12600.000 Z=720.000), Max=(X=-12600.000 Y=-12600.000 Z=720.000) RuntimeGrid:None EditorOnly:0 RuntimeOnly:0 HLODRelevant:0 ListedInSceneOutliner:1 IsMainWorldOnly:0 FolderPath:Lighting FolderGuid:602030AD4CB26C050EF7B98FCA62FBCA
 |   |   |- [+] [ 14]
 |   |   |   |- Guid:668FD26F4DA26E9DF284EABD051982A5 BaseClass: NativeClass:/Script/Landscape.Landscape Name:Landscape_UAID_581122CD263638D601_1837742001 Label:Landscape2 SpatiallyLoaded:0 Bounds:IsValid=true, Min=(X=-50400.000 Y=-50400.000 Z=-2.000), Max=(X=-50400.000 Y=-50400.000 Z=-2.000) RuntimeGrid:None EditorOnly:0 RuntimeOnly:0 HLODRelevant:0 ListedInSceneOutliner:1 IsMainWorldOnly:0 FolderPath:landscape2 FolderGuid:E6F566FB43E2DA9D79FBE48178291BAA
 |   |   |- [+] [ 15]
 |   |   |   |- Guid:6A1C7CE945AD720405A2B8A0CDC31EEA BaseClass: NativeClass:/Script/Engine.WorldDataLayers Name:WorldDataLayers Label:WorldDataLayers-1 SpatiallyLoaded:0 Bounds:IsValid=true, Min=(X=0.000 Y=0.000 Z=0.000), Max=(X=0.000 Y=0.000 Z=0.000) RuntimeGrid:None EditorOnly:0 RuntimeOnly:0 HLODRelevant:0 ListedInSceneOutliner:1 IsMainWorldOnly:1
 |   |   |- [+] [ 16]
 |   |   |   |- Guid:6B337CAD4C563049716FB399D124EC3D BaseClass: NativeClass:/Script/Engine.SkyLight Name:SkyLight_1 Label:SkyLight SpatiallyLoaded:0 Bounds:IsValid=true, Min=(X=-12600.000 Y=-12600.000 Z=590.000), Max=(X=-12600.000 Y=-12600.000 Z=590.000) RuntimeGrid:None EditorOnly:0 RuntimeOnly:0 HLODRelevant:0 ListedInSceneOutliner:1 IsMainWorldOnly:0 FolderPath:Lighting FolderGuid:602030AD4CB26C050EF7B98FCA62FBCA
 |   |   |- [+] [ 17]
 |   |   |   |- Guid:6C62788144E17A979226A4BA49BE9805 BaseClass: NativeClass:/Script/Landscape.LandscapeSplineActor Name:LandscapeSplineActor_0 Label:LandscapeSplineActor SpatiallyLoaded:1 Bounds:IsValid=true, Min=(X=-36825.815 Y=-44214.191 Z=-10220.062), Max=(X=37748.338 Y=37551.192 Z=15924.916) RuntimeGrid:None EditorOnly:0 RuntimeOnly:0 HLODRelevant:1 ListedInSceneOutliner:1 IsMainWorldOnly:0 FolderPath:landscape2 FolderGuid:E6F566FB43E2DA9D79FBE48178291BAA
 |   |   |- [+] [ 18]
 |   |   |   |- Guid:6FC3D37D441A1EFBC4AD0189132EDDBB BaseClass: NativeClass:/Script/Landscape.LandscapeStreamingProxy Name:LandscapeStreamingProxy_353TPU80DXSTRY6M4CHXUSI16_126_3_3_0 Label:LandscapeStreamingProxy_3_3_0 SpatiallyLoaded:1 Bounds:IsValid=true, Min=(X=25200.000 Y=25200.000 Z=48.000), Max=(X=50400.000 Y=50400.000 Z=13090.188) RuntimeGrid:None EditorOnly:0 RuntimeOnly:0 HLODRelevant:1 ListedInSceneOutliner:1 IsMainWorldOnly:0
 |   |   |- [+] [ 19]
 |   |   |   |- Guid:701349444CCFAEDA5180B7994D6285C9 BaseClass: NativeClass:/Script/Engine.StaticMeshActor Name:StaticMeshActor_9 Label:SM_Cylinder7 SpatiallyLoaded:1 Bounds:IsValid=true, Min=(X=-1238.452 Y=-6700.000 Z=-12.292), Max=(X=-1139.097 Y=-6100.645 Z=12.292) RuntimeGrid:None EditorOnly:0 RuntimeOnly:0 HLODRelevant:1 ListedInSceneOutliner:1 IsMainWorldOnly:0 FolderPath:Obstacles/Roadbumps FolderGuid:FEEBC32E4868314ED344A2BDA4C895E1
 |   |   |- [+] [ 20]
 |   |   |   |- Guid:72FBA45F474AD6B89F11049FCA83748F BaseClass: NativeClass:/Script/Engine.StaticMeshActor Name:StaticMeshActor_UAID_A4AE111137DC5DFB00_1630210247 Label:SM_SkySphere SpatiallyLoaded:1 Bounds:IsValid=true, Min=(X=-1638400.000 Y=-1638400.000 Z=-1638400.000), Max=(X=1638400.000 Y=1638400.000 Z=1638400.000) RuntimeGrid:None EditorOnly:0 RuntimeOnly:0 HLODRelevant:1 ListedInSceneOutliner:1 IsMainWorldOnly:0 FolderPath:Lighting FolderGuid:602030AD4CB26C050EF7B98FCA62FBCA
 |   |   |- [+] [ 21]
 |   |   |   |- Guid:759C917941FBBCA62FA7D181AAA97864 BaseClass: NativeClass:/Script/Landscape.LandscapeStreamingProxy Name:LandscapeStreamingProxy_353TPU80DXSTRY6M4CHXUSI16_126_2_2_0 Label:LandscapeStreamingProxy_2_2_0 SpatiallyLoaded:1 Bounds:IsValid=true, Min=(X=0.000 Y=0.000 Z=-5534.812), Max=(X=25200.000 Y=25200.000 Z=13899.562) RuntimeGrid:None EditorOnly:0 RuntimeOnly:0 HLODRelevant:1 ListedInSceneOutliner:1 IsMainWorldOnly:0
 |   |   |- [+] [ 22]
 |   |   |   |- Guid:821B67014D2227B20AC881B28B94CCFD BaseClass: NativeClass:/Script/Engine.StaticMeshActor Name:StaticMeshActor_16 Label:SM_Cylinder4 SpatiallyLoaded:1 Bounds:IsValid=true, Min=(X=775.000 Y=325.000 Z=0.000), Max=(X=825.000 Y=375.000 Z=150.000) RuntimeGrid:None EditorOnly:0 RuntimeOnly:0 HLODRelevant:0 ListedInSceneOutliner:1 IsMainWorldOnly:0 FolderPath:Obstacles/Bollards FolderGuid:6FA7726D48C50C2F676EE28F88CF905C
 |   |   |- [+] [ 23]
 |   |   |   |- Guid:8C0FA1084325C13D99C659A1CE031414 BaseClass: NativeClass:/Script/Engine.PlayerStart Name:PlayerStart_1 Label:PlayerStart SpatiallyLoaded:0 Bounds:IsValid=true, Min=(X=-3530.000 Y=-9958.304 Z=560.486), Max=(X=-3450.000 Y=-9851.663 Z=674.300) RuntimeGrid:None EditorOnly:0 RuntimeOnly:0 HLODRelevant:0 ListedInSceneOutliner:1 IsMainWorldOnly:0
 |   |   |- [+] [ 24]
 |   |   |   |- Guid:8C9C56C04E40D60F3B00CB82B289334C BaseClass: NativeClass:/Script/Engine.StaticMeshActor Name:StaticMeshActor_23 Label:SM_Ramp2 SpatiallyLoaded:1 Bounds:IsValid=true, Min=(X=1800.000 Y=-6700.000 Z=-20.000), Max=(X=2400.000 Y=-6100.000 Z=100.000) RuntimeGrid:None EditorOnly:0 RuntimeOnly:0 HLODRelevant:1 ListedInSceneOutliner:1 IsMainWorldOnly:0 FolderPath:Obstacles/Ramp FolderGuid:EC5389A3411DCBDB8DD9AAAE3D5DDEDA
 |   |   |- [+] [ 25]
 |   |   |   |- Guid:8E778E6E49EC6AB52DB630A06D135326 BaseClass: NativeClass:/Script/Landscape.LandscapeStreamingProxy Name:LandscapeStreamingProxy_353TPU80DXSTRY6M4CHXUSI16_126_1_1_0 Label:LandscapeStreamingProxy_1_1_0 SpatiallyLoaded:1 Bounds:IsValid=true, Min=(X=-25200.000 Y=-25200.000 Z=-1091.062), Max=(X=0.000 Y=0.000 Z=16979.250) RuntimeGrid:None EditorOnly:0 RuntimeOnly:0 HLODRelevant:1 ListedInSceneOutliner:1 IsMainWorldOnly:0
 |   |   |- [+] [ 26]
 |   |   |   |- Guid:937DEEF64BD804376F799E9E433A5BA6 BaseClass: NativeClass:/Script/Landscape.LandscapeStreamingProxy Name:LandscapeStreamingProxy_353TPU80DXSTRY6M4CHXUSI16_126_2_1_0 Label:LandscapeStreamingProxy_2_1_0 SpatiallyLoaded:1 Bounds:IsValid=true, Min=(X=0.000 Y=-25200.000 Z=-8442.625), Max=(X=25200.000 Y=0.000 Z=14746.438) RuntimeGrid:None EditorOnly:0 RuntimeOnly:0 HLODRelevant:1 ListedInSceneOutliner:1 IsMainWorldOnly:0
 |   |   |- [+] [ 27]
 |   |   |   |- Guid:A5D6E6BB46BAC15E6D356990E1F7F480 BaseClass: NativeClass:/Script/Engine.DirectionalLight Name:DirectionalLight_0 Label:DirectionalLight SpatiallyLoaded:0 Bounds:IsValid=true, Min=(X=-1048576.000 Y=-1048576.000 Z=-1048576.000), Max=(X=1048576.000 Y=1048576.000 Z=1048576.000) RuntimeGrid:None EditorOnly:0 RuntimeOnly:0 HLODRelevant:0 ListedInSceneOutliner:1 IsMainWorldOnly:0 FolderPath:Lighting FolderGuid:602030AD4CB26C050EF7B98FCA62FBCA
 |   |   |- [+] [ 28]
 |   |   |   |- Guid:A6ABCCAF4857AE8E40E6228F0FECD123 BaseClass: NativeClass:/Script/Landscape.Landscape Name:Landscape_0 Label:Landscape SpatiallyLoaded:0 Bounds:IsValid=true, Min=(X=-25200.000 Y=-25200.000 Z=0.000), Max=(X=-25200.000 Y=-25200.000 Z=0.000) RuntimeGrid:None EditorOnly:0 RuntimeOnly:0 HLODRelevant:0 ListedInSceneOutliner:1 IsMainWorldOnly:0 FolderPath:Landscape FolderGuid:912F765E4714A1DB296369A3E4390900
 |   |   |- [+] [ 29]
 |   |   |   |- Guid:A7D32B684CC538C609A7CB8559388FCD BaseClass: NativeClass:/Script/Engine.StaticMeshActor Name:StaticMeshActor_17 Label:SM_Cylinder5 SpatiallyLoaded:1 Bounds:IsValid=true, Min=(X=1575.000 Y=325.000 Z=0.000), Max=(X=1625.000 Y=375.000 Z=150.000) RuntimeGrid:None EditorOnly:0 RuntimeOnly:0 HLODRelevant:0 ListedInSceneOutliner:1 IsMainWorldOnly:0 FolderPath:Obstacles/Bollards FolderGuid:6FA7726D48C50C2F676EE28F88CF905C
 |   |   |- [+] [ 30]
 |   |   |   |- Guid:AA45B0D54DBEE58F1E4658BEC0DB2665 BaseClass: NativeClass:/Script/Landscape.LandscapeStreamingProxy Name:LandscapeStreamingProxy_353TPU80DXSTRY6M4CHXUSI16_126_0_3_0 Label:LandscapeStreamingProxy_0_3_0 SpatiallyLoaded:1 Bounds:IsValid=true, Min=(X=-50400.000 Y=25200.000 Z=548.000), Max=(X=-25200.000 Y=50400.000 Z=22823.000) RuntimeGrid:None EditorOnly:0 RuntimeOnly:0 HLODRelevant:1 ListedInSceneOutliner:1 IsMainWorldOnly:0
 |   |   |- [+] [ 31]
 |   |   |   |- Guid:AB3D653A48C4F01FAA4F39A2698C3518 BaseClass: NativeClass:/Script/Engine.SkyAtmosphere Name:SkyAtmosphere_0 Label:SkyAtmosphere SpatiallyLoaded:0 Bounds:IsValid=true, Min=(X=-12600.000 Y=-12600.000 Z=920.000), Max=(X=-12600.000 Y=-12600.000 Z=920.000) RuntimeGrid:None EditorOnly:0 RuntimeOnly:0 HLODRelevant:0 ListedInSceneOutliner:1 IsMainWorldOnly:0 FolderPath:Lighting FolderGuid:602030AD4CB26C050EF7B98FCA62FBCA
 |   |   |- [+] [ 32]
 |   |   |   |- Guid:B3071557404D8501A5285E999DA358A4 BaseClass: NativeClass:/Script/Landscape.LandscapeStreamingProxy Name:LandscapeStreamingProxy_353TPU80DXSTRY6M4CHXUSI16_126_2_3_0 Label:LandscapeStreamingProxy_2_3_0 SpatiallyLoaded:1 Bounds:IsValid=true, Min=(X=0.000 Y=25200.000 Z=2582.375), Max=(X=25200.000 Y=50400.000 Z=23891.750) RuntimeGrid:None EditorOnly:0 RuntimeOnly:0 HLODRelevant:1 ListedInSceneOutliner:1 IsMainWorldOnly:0
 |   |   |- [+] [ 33]
 |   |   |   |- Guid:C6502A28438CE1D81488BFA2A62CE2A0 BaseClass: NativeClass:/Script/Landscape.LandscapeStreamingProxy Name:LandscapeStreamingProxy_353TPU80DXSTRY6M4CHXUSI16_126_2_0_0 Label:LandscapeStreamingProxy_2_0_0 SpatiallyLoaded:1 Bounds:IsValid=true, Min=(X=0.000 Y=-50400.000 Z=-13775.438), Max=(X=25200.000 Y=-25200.000 Z=8515.188) RuntimeGrid:None EditorOnly:0 RuntimeOnly:0 HLODRelevant:1 ListedInSceneOutliner:1 IsMainWorldOnly:0
 |   |   |- [+] [ 34]
 |   |   |   |- Guid:C8E2B38542463961ECC4AC94EA672C70 BaseClass: NativeClass:/Script/Landscape.LandscapeStreamingProxy Name:LandscapeStreamingProxy_353TPU80DXSTRY6M4CHXUSI16_126_3_2_0 Label:LandscapeStreamingProxy_3_2_0 SpatiallyLoaded:1 Bounds:IsValid=true, Min=(X=25200.000 Y=0.000 Z=-10648.875), Max=(X=50400.000 Y=25200.000 Z=14416.750) RuntimeGrid:None EditorOnly:0 RuntimeOnly:0 HLODRelevant:1 ListedInSceneOutliner:1 IsMainWorldOnly:0
 |   |   |- [+] [ 35]
 |   |   |   |- Guid:CA3C0F6345B2DA9E299ED5BEE611655B BaseClass: NativeClass:/Script/Engine.ExponentialHeightFog Name:ExponentialHeightFog_0 Label:ExponentialHeightFog SpatiallyLoaded:0 Bounds:IsValid=true, Min=(X=-18200.000 Y=-12650.000 Z=-6950.000), Max=(X=-18200.000 Y=-12650.000 Z=-6950.000) RuntimeGrid:None EditorOnly:0 RuntimeOnly:0 HLODRelevant:0 ListedInSceneOutliner:1 IsMainWorldOnly:0 FolderPath:Lighting FolderGuid:602030AD4CB26C050EF7B98FCA62FBCA
 |   |   |- [+] [ 36]
 |   |   |   |- Guid:D5CE1A3946843967B0D1A493A9ED5CF6 BaseClass: NativeClass:/Script/Engine.PostProcessVolume Name:PostProcessVolume_0 Label:PostProcessVolume SpatiallyLoaded:0 Bounds:IsValid=true, Min=(X=-12600.000 Y=-12600.000 Z=300.000), Max=(X=-12400.000 Y=-12400.000 Z=500.000) RuntimeGrid:None EditorOnly:0 RuntimeOnly:0 HLODRelevant:0 ListedInSceneOutliner:1 IsMainWorldOnly:0 FolderPath:Lighting FolderGuid:602030AD4CB26C050EF7B98FCA62FBCA
 |   |   |- [+] [ 37]
 |   |   |   |- Guid:D921DD30490999B0CF5228921589CFE1 BaseClass: NativeClass:/Script/Engine.StaticMeshActor Name:StaticMeshActor_11 Label:SM_Cylinder9 SpatiallyLoaded:1 Bounds:IsValid=true, Min=(X=-850.000 Y=-6700.000 Z=-12.615), Max=(X=-750.000 Y=-6100.000 Z=12.615) RuntimeGrid:None EditorOnly:0 RuntimeOnly:0 HLODRelevant:1 ListedInSceneOutliner:1 IsMainWorldOnly:0 FolderPath:Obstacles/Roadbumps FolderGuid:FEEBC32E4868314ED344A2BDA4C895E1
 |   |   |- [+] [ 38]
 |   |   |   |- Guid:E187AE394650AC9BE16DDDB338366633 BaseClass: NativeClass:/Script/Engine.StaticMeshActor Name:StaticMeshActor_22 Label:SM_Ramp SpatiallyLoaded:1 Bounds:IsValid=true, Min=(X=700.000 Y=-6700.000 Z=-20.000), Max=(X=1300.000 Y=-6100.000 Z=100.000) RuntimeGrid:None EditorOnly:0 RuntimeOnly:0 HLODRelevant:1 ListedInSceneOutliner:1 IsMainWorldOnly:0 FolderPath:Obstacles/Ramp FolderGuid:EC5389A3411DCBDB8DD9AAAE3D5DDEDA
 |   |   |- [+] [ 39]
 |   |   |   |- Guid:EB95E93743FAA2C9044BED92769914BA BaseClass: NativeClass:/Script/Landscape.LandscapeStreamingProxy Name:LandscapeStreamingProxy_353TPU80DXSTRY6M4CHXUSI16_126_0_0_0 Label:LandscapeStreamingProxy_0_0_0 SpatiallyLoaded:1 Bounds:IsValid=true, Min=(X=-50400.000 Y=-50400.000 Z=-3169.188), Max=(X=-25200.000 Y=-25200.000 Z=17546.438) RuntimeGrid:None EditorOnly:0 RuntimeOnly:0 HLODRelevant:1 ListedInSceneOutliner:1 IsMainWorldOnly:0
 |   |   |- [+] [ 40]
 |   |   |   |- Guid:ED8CF03C42199205E34F359A7EEBFC74 BaseClass: NativeClass:/Script/Engine.StaticMeshActor Name:StaticMeshActor_12 Label:SM_Cylinder10 SpatiallyLoaded:1 Bounds:IsValid=true, Min=(X=-650.000 Y=-6700.000 Z=-12.615), Max=(X=-550.000 Y=-6100.000 Z=12.615) RuntimeGrid:None EditorOnly:0 RuntimeOnly:0 HLODRelevant:1 ListedInSceneOutliner:1 IsMainWorldOnly:0 FolderPath:Obstacles/Roadbumps FolderGuid:FEEBC32E4868314ED344A2BDA4C895E1
 |   |   |- [+] [ 41]
 |   |   |   |- Guid:F7763965458B9B0D050004918C8F0665 BaseClass: NativeClass:/Script/Engine.StaticMeshActor Name:StaticMeshActor_20 Label:SM_Cylinder12 SpatiallyLoaded:1 Bounds:IsValid=true, Min=(X=-250.000 Y=-6700.000 Z=-12.615), Max=(X=-150.000 Y=-6100.000 Z=12.615) RuntimeGrid:None EditorOnly:0 RuntimeOnly:0 HLODRelevant:1 ListedInSceneOutliner:1 IsMainWorldOnly:0 FolderPath:Obstacles/Roadbumps FolderGuid:FEEBC32E4868314ED344A2BDA4C895E1
 |   |   |- [+] [ 42]
 |   |   |   |- Guid:FCF1BA6C4E4617DC889932AC266CFF96 BaseClass: NativeClass:/Script/Landscape.LandscapeStreamingProxy Name:LandscapeStreamingProxy_353TPU80DXSTRY6M4CHXUSI16_126_1_0_0 Label:LandscapeStreamingProxy_1_0_0 SpatiallyLoaded:1 Bounds:IsValid=true, Min=(X=-25200.000 Y=-50400.000 Z=-19012.938), Max=(X=0.000 Y=-25200.000 Z=13163.625) RuntimeGrid:None EditorOnly:0 RuntimeOnly:0 HLODRelevant:1 ListedInSceneOutliner:1 IsMainWorldOnly:0
 |   |   |- [+] [ 43]
 |   |   |   |- Guid:FD06D98F4BDE1A797FF3D0AA6658BD2E BaseClass: NativeClass:/Script/Engine.TextRenderActor Name:TextRenderActor_1 Label:TextRenderActor SpatiallyLoaded:1 Bounds:IsValid=true, Min=(X=-12610.004 Y=-661.458 Z=70.598), Max=(X=-12609.996 Y=661.619 Z=270.598) RuntimeGrid:None EditorOnly:0 RuntimeOnly:0 HLODRelevant:0 ListedInSceneOutliner:1 IsMainWorldOnly:0 FolderPath:Obstacles FolderGuid:EC6DE3394ED87B0DEEC32D97314B8C12
 |- ContainerInstances:
 |- [+] MainContainer:
 |   |-        ID: 00000000000000000000000000000000
 |   |-  ParentID: 00000000000000000000000000000000
 |   |-    Bounds: IsValid=false, Min=(X=0.000 Y=0.000 Z=0.000), Max=(X=0.000 Y=0.000 Z=0.000)
 |   |- Transform: 0.000000,0.000000,0.000000|0.000000,0.000000,-0.000000|1.000000,1.000000,1.000000
 |   |- Container: /Game/VehicleTemplate/Maps/VehicleExampleMap
----------------------------------------------------------------------------------------------------------------
VehicleExampleMap - Persistent Level
----------------------------------------------------------------------------------------------------------------
[+] Content of VehicleExampleMap Persistent Level
 |- Always loaded Actor Count: 52 
 |- Actor Path: /Game/VehicleTemplate/Maps/VehicleExampleMap.VehicleExampleMap:PersistentLevel.AbstractNavData-Default
 |- Actor Package: /Game/VehicleTemplate/Maps/VehicleExampleMap
 |- Actor Path: /Game/VehicleTemplate/Maps/VehicleExampleMap.VehicleExampleMap:PersistentLevel.Brush_1
 |- Actor Package: /Game/VehicleTemplate/Maps/VehicleExampleMap
 |- Actor Path: /Game/VehicleTemplate/Maps/VehicleExampleMap.VehicleExampleMap:PersistentLevel.DefaultPhysicsVolume_0
 |- Actor Package: /Game/VehicleTemplate/Maps/VehicleExampleMap
 |- Actor Path: /Game/VehicleTemplate/Maps/VehicleExampleMap.VehicleExampleMap:PersistentLevel.DirectionalLight_0
 |- Actor Package: /Game/__ExternalActors__/VehicleTemplate/Maps/VehicleExampleMap/D/HQ/JFSCDHM3DQXDWPJD8RHGWV
 |- Actor Path: /Game/VehicleTemplate/Maps/VehicleExampleMap.VehicleExampleMap:PersistentLevel.ExponentialHeightFog_0
 |- Actor Package: /Game/__ExternalActors__/VehicleTemplate/Maps/VehicleExampleMap/8/VZ/RO3QWXLUI0FCFWSB7PRWYH
 |- Actor Path: /Game/VehicleTemplate/Maps/VehicleExampleMap.VehicleExampleMap:PersistentLevel.GameplayDebuggerPlayerManager_0
 |- Actor Package: /Game/VehicleTemplate/Maps/VehicleExampleMap
 |- Actor Path: /Game/VehicleTemplate/Maps/VehicleExampleMap.VehicleExampleMap:PersistentLevel.Landscape_0
 |- Actor Package: /Game/__ExternalActors__/VehicleTemplate/Maps/VehicleExampleMap/7/J6/FATC6RSAGYSG8G4CTB1IAT
 |- Actor Path: /Game/VehicleTemplate/Maps/VehicleExampleMap.VehicleExampleMap:PersistentLevel.Landscape_UAID_581122CD263638D601_1837742001
 |- Actor Package: /Game/__ExternalActors__/VehicleTemplate/Maps/VehicleExampleMap/E/01/M6SGCYSNBBSOF7JSJZZ43U
 |- Actor Path: /Game/VehicleTemplate/Maps/VehicleExampleMap.VehicleExampleMap:PersistentLevel.LandscapeGizmoActiveActor_0
 |- Actor Package: /Game/VehicleTemplate/Maps/VehicleExampleMap
 |- Actor Path: /Game/VehicleTemplate/Maps/VehicleExampleMap.VehicleExampleMap:PersistentLevel.LandscapeSplineActor_0
 |- Actor Package: /Game/__ExternalActors__/VehicleTemplate/Maps/VehicleExampleMap/C/76/YJP85A4P2ZE6QYF4TIS7MO
 |- Actor Path: /Game/VehicleTemplate/Maps/VehicleExampleMap.VehicleExampleMap:PersistentLevel.LandscapeStreamingProxy_353TPU80DXSTRY6M4CHXUSI16_126_0_0_0
 |- Actor Package: /Game/__ExternalActors__/VehicleTemplate/Maps/VehicleExampleMap/D/27/E38VPY0JQ9HW4HEY1N34WC
 |- Actor Path: /Game/VehicleTemplate/Maps/VehicleExampleMap.VehicleExampleMap:PersistentLevel.LandscapeStreamingProxy_353TPU80DXSTRY6M4CHXUSI16_126_0_1_0
 |- Actor Package: /Game/__ExternalActors__/VehicleTemplate/Maps/VehicleExampleMap/A/18/W0ZOL4F2HPRNUCJYKLDECF
 |- Actor Path: /Game/VehicleTemplate/Maps/VehicleExampleMap.VehicleExampleMap:PersistentLevel.LandscapeStreamingProxy_353TPU80DXSTRY6M4CHXUSI16_126_0_2_0
 |- Actor Package: /Game/__ExternalActors__/VehicleTemplate/Maps/VehicleExampleMap/C/7S/29Y6OBSDD2W6Z18DO2E278
 |- Actor Path: /Game/VehicleTemplate/Maps/VehicleExampleMap.VehicleExampleMap:PersistentLevel.LandscapeStreamingProxy_353TPU80DXSTRY6M4CHXUSI16_126_0_3_0
 |- Actor Package: /Game/__ExternalActors__/VehicleTemplate/Maps/VehicleExampleMap/2/FG/9PPFHT0Z4IRI9HVE8FRZXM
 |- Actor Path: /Game/VehicleTemplate/Maps/VehicleExampleMap.VehicleExampleMap:PersistentLevel.LandscapeStreamingProxy_353TPU80DXSTRY6M4CHXUSI16_126_1_0_0
 |- Actor Package: /Game/__ExternalActors__/VehicleTemplate/Maps/VehicleExampleMap/4/OE/DNOYGRBL8SN4NBZVKBFSI7
 |- Actor Path: /Game/VehicleTemplate/Maps/VehicleExampleMap.VehicleExampleMap:PersistentLevel.LandscapeStreamingProxy_353TPU80DXSTRY6M4CHXUSI16_126_1_1_0
 |- Actor Package: /Game/__ExternalActors__/VehicleTemplate/Maps/VehicleExampleMap/1/6G/RN21XCMX1809NAJ51ZPUOD
 |- Actor Path: /Game/VehicleTemplate/Maps/VehicleExampleMap.VehicleExampleMap:PersistentLevel.LandscapeStreamingProxy_353TPU80DXSTRY6M4CHXUSI16_126_1_2_0
 |- Actor Package: /Game/__ExternalActors__/VehicleTemplate/Maps/VehicleExampleMap/A/HF/PQ2NHLLYVZ5MTEUD2C5N4N
 |- Actor Path: /Game/VehicleTemplate/Maps/VehicleExampleMap.VehicleExampleMap:PersistentLevel.LandscapeStreamingProxy_353TPU80DXSTRY6M4CHXUSI16_126_1_3_0
 |- Actor Package: /Game/__ExternalActors__/VehicleTemplate/Maps/VehicleExampleMap/E/FU/Z9F9QYKVINLNGNWKQI4DXS
 |- Actor Path: /Game/VehicleTemplate/Maps/VehicleExampleMap.VehicleExampleMap:PersistentLevel.LandscapeStreamingProxy_353TPU80DXSTRY6M4CHXUSI16_126_2_0_0
 |- Actor Package: /Game/__ExternalActors__/VehicleTemplate/Maps/VehicleExampleMap/4/75/MJJK3UKNJ3YOEP0CXUXXZJ
 |- Actor Path: /Game/VehicleTemplate/Maps/VehicleExampleMap.VehicleExampleMap:PersistentLevel.LandscapeStreamingProxy_353TPU80DXSTRY6M4CHXUSI16_126_2_1_0
 |- Actor Package: /Game/__ExternalActors__/VehicleTemplate/Maps/VehicleExampleMap/5/QW/V91N8XVULKCEGMXIOXML78
 |- Actor Path: /Game/VehicleTemplate/Maps/VehicleExampleMap.VehicleExampleMap:PersistentLevel.LandscapeStreamingProxy_353TPU80DXSTRY6M4CHXUSI16_126_2_2_0
 |- Actor Package: /Game/__ExternalActors__/VehicleTemplate/Maps/VehicleExampleMap/C/0U/SDVSXDDER6RLMWFYD2FNJQ
 |- Actor Path: /Game/VehicleTemplate/Maps/VehicleExampleMap.VehicleExampleMap:PersistentLevel.LandscapeStreamingProxy_353TPU80DXSTRY6M4CHXUSI16_126_2_3_0
 |- Actor Package: /Game/__ExternalActors__/VehicleTemplate/Maps/VehicleExampleMap/C/TJ/2K5HNS7Y256KFCXXYDRY84
 |- Actor Path: /Game/VehicleTemplate/Maps/VehicleExampleMap.VehicleExampleMap:PersistentLevel.LandscapeStreamingProxy_353TPU80DXSTRY6M4CHXUSI16_126_3_0_0
 |- Actor Package: /Game/__ExternalActors__/VehicleTemplate/Maps/VehicleExampleMap/5/E2/RSD2CN6GBMNUBMPF9M8U2N
 |- Actor Path: /Game/VehicleTemplate/Maps/VehicleExampleMap.VehicleExampleMap:PersistentLevel.LandscapeStreamingProxy_353TPU80DXSTRY6M4CHXUSI16_126_3_1_0
 |- Actor Package: /Game/__ExternalActors__/VehicleTemplate/Maps/VehicleExampleMap/B/4P/ZOTKF6QHBNX7WWQYO3VUXM
 |- Actor Path: /Game/VehicleTemplate/Maps/VehicleExampleMap.VehicleExampleMap:PersistentLevel.LandscapeStreamingProxy_353TPU80DXSTRY6M4CHXUSI16_126_3_2_0
 |- Actor Package: /Game/__ExternalActors__/VehicleTemplate/Maps/VehicleExampleMap/E/AC/SH4VYQ3FX3QIB3Y5K46WLK
 |- Actor Path: /Game/VehicleTemplate/Maps/VehicleExampleMap.VehicleExampleMap:PersistentLevel.LandscapeStreamingProxy_353TPU80DXSTRY6M4CHXUSI16_126_3_3_0
 |- Actor Package: /Game/__ExternalActors__/VehicleTemplate/Maps/VehicleExampleMap/4/25/U4C3CIKJWX0HPBMIDB57AH
 |- Actor Path: /Game/VehicleTemplate/Maps/VehicleExampleMap.VehicleExampleMap:PersistentLevel.PlayerStart_1
 |- Actor Package: /Game/__ExternalActors__/VehicleTemplate/Maps/VehicleExampleMap/1/0G/S09YAH4R8CMVDMZ7A20STZ
 |- Actor Path: /Game/VehicleTemplate/Maps/VehicleExampleMap.VehicleExampleMap:PersistentLevel.PostProcessVolume_0
 |- Actor Package: /Game/__ExternalActors__/VehicleTemplate/Maps/VehicleExampleMap/B/S4/39R99VDAXF7X1T8FW5O7G5
 |- Actor Path: /Game/VehicleTemplate/Maps/VehicleExampleMap.VehicleExampleMap:PersistentLevel.SkyAtmosphere_0
 |- Actor Package: /Game/__ExternalActors__/VehicleTemplate/Maps/VehicleExampleMap/E/RG/6FX3FVZLOTLUYLWS5AEE1A
 |- Actor Path: /Game/VehicleTemplate/Maps/VehicleExampleMap.VehicleExampleMap:PersistentLevel.SkyLight_1
 |- Actor Package: /Game/__ExternalActors__/VehicleTemplate/Maps/VehicleExampleMap/3/WW/FO9B6T5LMMCOKJG4HCFNL1
 |- Actor Path: /Game/VehicleTemplate/Maps/VehicleExampleMap.VehicleExampleMap:PersistentLevel.StaticMeshActor_9
 |- Actor Package: /Game/__ExternalActors__/VehicleTemplate/Maps/VehicleExampleMap/E/Q9/7E8THLUEF2U8O6DZQRWSX9
 |- Actor Path: /Game/VehicleTemplate/Maps/VehicleExampleMap.VehicleExampleMap:PersistentLevel.StaticMeshActor_10
 |- Actor Package: /Game/__ExternalActors__/VehicleTemplate/Maps/VehicleExampleMap/7/WI/5NFX0QG7YV9FB54TNR4PT1
 |- Actor Path: /Game/VehicleTemplate/Maps/VehicleExampleMap.VehicleExampleMap:PersistentLevel.StaticMeshActor_11
 |- Actor Package: /Game/__ExternalActors__/VehicleTemplate/Maps/VehicleExampleMap/2/M5/B1Z4KPTFV1L2EREMS5IW1R
 |- Actor Path: /Game/VehicleTemplate/Maps/VehicleExampleMap.VehicleExampleMap:PersistentLevel.StaticMeshActor_12
 |- Actor Package: /Game/__ExternalActors__/VehicleTemplate/Maps/VehicleExampleMap/B/UP/HM3YG02LLRWGD06ZK1PRPJ
 |- Actor Path: /Game/VehicleTemplate/Maps/VehicleExampleMap.VehicleExampleMap:PersistentLevel.StaticMeshActor_13
 |- Actor Package: /Game/__ExternalActors__/VehicleTemplate/Maps/VehicleExampleMap/4/7Y/WQ1G94TAXTE1YVN2INDKQ5
 |- Actor Path: /Game/VehicleTemplate/Maps/VehicleExampleMap.VehicleExampleMap:PersistentLevel.StaticMeshActor_14
 |- Actor Package: /Game/__ExternalActors__/VehicleTemplate/Maps/VehicleExampleMap/9/5Q/R91HTPJGCTT11W21J2XSVY
 |- Actor Path: /Game/VehicleTemplate/Maps/VehicleExampleMap.VehicleExampleMap:PersistentLevel.StaticMeshActor_15
 |- Actor Package: /Game/__ExternalActors__/VehicleTemplate/Maps/VehicleExampleMap/3/I5/39QMOMX0SBF5P8WX11O0V6
 |- Actor Path: /Game/VehicleTemplate/Maps/VehicleExampleMap.VehicleExampleMap:PersistentLevel.StaticMeshActor_16
 |- Actor Package: /Game/__ExternalActors__/VehicleTemplate/Maps/VehicleExampleMap/C/30/EXEN8BYTWNFPJJRLE00CJ2
 |- Actor Path: /Game/VehicleTemplate/Maps/VehicleExampleMap.VehicleExampleMap:PersistentLevel.StaticMeshActor_17
 |- Actor Package: /Game/__ExternalActors__/VehicleTemplate/Maps/VehicleExampleMap/9/Q4/V758X99SGCELUD0EM4HK4G
 |- Actor Path: /Game/VehicleTemplate/Maps/VehicleExampleMap.VehicleExampleMap:PersistentLevel.StaticMeshActor_18
 |- Actor Package: /Game/__ExternalActors__/VehicleTemplate/Maps/VehicleExampleMap/8/KH/7UZTS1KQ9C3D8VCY0LU7D4
 |- Actor Path: /Game/VehicleTemplate/Maps/VehicleExampleMap.VehicleExampleMap:PersistentLevel.StaticMeshActor_19
 |- Actor Package: /Game/__ExternalActors__/VehicleTemplate/Maps/VehicleExampleMap/C/3W/RB6196BR3NVWEX5183BKEN
 |- Actor Path: /Game/VehicleTemplate/Maps/VehicleExampleMap.VehicleExampleMap:PersistentLevel.StaticMeshActor_20
 |- Actor Package: /Game/__ExternalActors__/VehicleTemplate/Maps/VehicleExampleMap/1/6T/LR1OAKEVJOOPQRQLMJQ8VD
 |- Actor Path: /Game/VehicleTemplate/Maps/VehicleExampleMap.VehicleExampleMap:PersistentLevel.StaticMeshActor_22
 |- Actor Package: /Game/__ExternalActors__/VehicleTemplate/Maps/VehicleExampleMap/B/VA/BP3BNYMRT7OCWW3Q3M2ZTR
 |- Actor Path: /Game/VehicleTemplate/Maps/VehicleExampleMap.VehicleExampleMap:PersistentLevel.StaticMeshActor_23
 |- Actor Package: /Game/__ExternalActors__/VehicleTemplate/Maps/VehicleExampleMap/C/UF/QZCJ2TCKW7XORELZJOKKW3
 |- Actor Path: /Game/VehicleTemplate/Maps/VehicleExampleMap.VehicleExampleMap:PersistentLevel.StaticMeshActor_25
 |- Actor Package: /Game/__ExternalActors__/VehicleTemplate/Maps/VehicleExampleMap/9/NC/X5FY5G6NYCW5E554TE5F5H
 |- Actor Path: /Game/VehicleTemplate/Maps/VehicleExampleMap.VehicleExampleMap:PersistentLevel.StaticMeshActor_UAID_A4AE111137DC5DFB00_1630210247
 |- Actor Package: /Game/__ExternalActors__/VehicleTemplate/Maps/VehicleExampleMap/4/LP/UZ50PDVAY299IMPNI9D2JC
 |- Actor Path: /Game/VehicleTemplate/Maps/VehicleExampleMap.VehicleExampleMap:PersistentLevel.TextRenderActor_1
 |- Actor Package: /Game/__ExternalActors__/VehicleTemplate/Maps/VehicleExampleMap/A/H0/LYTDGJWOH7OXH2EDGARXVB
 |- Actor Path: /Game/VehicleTemplate/Maps/VehicleExampleMap.VehicleExampleMap:PersistentLevel.VehicleExampleMap_C_1
 |- Actor Package: /Game/VehicleTemplate/Maps/VehicleExampleMap
 |- Actor Path: /Game/VehicleTemplate/Maps/VehicleExampleMap.VehicleExampleMap:PersistentLevel.VolumetricCloud_0
 |- Actor Package: /Game/__ExternalActors__/VehicleTemplate/Maps/VehicleExampleMap/7/6B/35BADYNNBJZPEYUTHJKTQU
 |- Actor Path: /Game/VehicleTemplate/Maps/VehicleExampleMap.VehicleExampleMap:PersistentLevel.WorldDataLayers
 |- Actor Package: /Game/__ExternalActors__/VehicleTemplate/Maps/VehicleExampleMap/3/8Z/8O4O20NVAUFW84ZP4YO7II
 |- Actor Path: /Game/VehicleTemplate/Maps/VehicleExampleMap.VehicleExampleMap:PersistentLevel.WorldPartitionMiniMap_0
 |- Actor Package: /Game/__ExternalActors__/VehicleTemplate/Maps/VehicleExampleMap/7/GT/DVHRIRLU9GVKHFO3UTR8FO
 |- Actor Path: /Game/VehicleTemplate/Maps/VehicleExampleMap.VehicleExampleMap:PersistentLevel.WorldSettings_1
 |- Actor Package: /Game/VehicleTemplate/Maps/VehicleExampleMap

----------------------------------------------------------------------------------------------------------------
VehicleExampleMap - Runtime Spatial Hash - Streaming Grid - MainGrid
----------------------------------------------------------------------------------------------------------------
            Origin: X=0.000 Y=0.000 Z=0.000
         Cell Size: 12800
      World Bounds: IsValid=false, Min=(X=0.000 Y=0.000 Z=0.000), Max=(X=0.000 Y=0.000 Z=0.000)
     Loading Range: 25600.00
Block Slow Loading: No
 ClientOnlyVisible: No
            Origin: X=0.000 Y=0.000 Z=0.000

[+] Grid Levels: 1
 |- Level  0: Cell Count    0 | Cell Size   12800 | Actor Count    0 (0.0%)

[+] Content of Grid Level 0

